<?xml version="1.0" encoding="UTF-8" ?>
<testsuite tests="13" failures="0" name="com.meli.mutans.algorithms.TestTableAdnImpl" time="0.252" errors="0" skipped="0">
  <properties>
[...]
</properties>
  <testcase classname="com.meli.mutans.algorithms.TestTableAdnImpl" name="testNotExistsByRow" time="0.016"/>
  <testcase classname="com.meli.mutans.algorithms.TestTableAdnImpl" name="testValidateNotExistsDiagonalInf" time="0.022"/>
  <testcase classname="com.meli.mutans.algorithms.TestTableAdnImpl" name="testValidateNotExistsDiagonalSup" time="0.023"/>
  <testcase classname="com.meli.mutans.algorithms.TestTableAdnImpl" name="testValidateExistsDiagonalInf" time="0.02"/>
  <testcase classname="com.meli.mutans.algorithms.TestTableAdnImpl" name="testValidateExistsDiagonalSup" time="0.019"/>
  <testcase classname="com.meli.mutans.algorithms.TestTableAdnImpl" name="testExistsWord" time="0.022"/>
  <testcase classname="com.meli.mutans.algorithms.TestTableAdnImpl" name="testNotExistsByColumn" time="0.022"/>
  <testcase classname="com.meli.mutans.algorithms.TestTableAdnImpl" name="testValidateExistsTransversalInf" time="0.016"/>
  <testcase classname="com.meli.mutans.algorithms.TestTableAdnImpl" name="testValidateExistsTransversalSup" time="0.018"/>
  <testcase classname="com.meli.mutans.algorithms.TestTableAdnImpl" name="testExistsByColumn" time="0.018"/>
  <testcase classname="com.meli.mutans.algorithms.TestTableAdnImpl" name="testExistsByRow" time="0.018"/>
  <testcase classname="com.meli.mutans.algorithms.TestTableAdnImpl" name="testValidateNotExistsTransversalInf" time="0.019"/>
  <testcase classname="com.meli.mutans.algorithms.TestTableAdnImpl" name="testValidateNotExistsTransversalSup" time="0.019"/>
</testsuite>